2022-05-11 01:39:05.308  INFO 14272 --- [RMI TCP Connection(183)-127.0.0.1] inMXBeanRegistrar$SpringApplicationAdmin : Application shutdown requested.
2022-05-11 01:39:05.486  INFO 14272 --- [RMI TCP Connection(183)-127.0.0.1] j.LocalContainerEntityManagerFactoryBean : Closing JPA EntityManagerFactory for persistence unit 'default'
2022-05-11 01:39:05.503  INFO 14272 --- [RMI TCP Connection(183)-127.0.0.1] com.zaxxer.hikari.HikariDataSource       : HikariPool-1 - Shutdown initiated...
2022-05-11 01:39:05.512  INFO 14272 --- [RMI TCP Connection(183)-127.0.0.1] com.zaxxer.hikari.HikariDataSource       : HikariPool-1 - Shutdown completed.
2022-05-11 01:47:24.510  INFO 23724 --- [Test worker] com.cg.PmsApplicationTests               : Starting PmsApplicationTests using Java 17.0.2 on Rachit with PID 23724 (started by UnnathiLAdhe in C:\Users\Unnati\Documents\workspace-spring-tool-suite-4-4.14.0.RELEASE\PMS)
2022-05-11 01:47:24.513  INFO 23724 --- [Test worker] com.cg.PmsApplicationTests               : No active profile set, falling back to 1 default profile: "default"
2022-05-11 01:47:29.171  INFO 23724 --- [Test worker] .s.d.r.c.RepositoryConfigurationDelegate : Bootstrapping Spring Data JPA repositories in DEFAULT mode.
2022-05-11 01:47:30.206  INFO 23724 --- [Test worker] .s.d.r.c.RepositoryConfigurationDelegate : Finished Spring Data repository scanning in 1014 ms. Found 9 JPA repository interfaces.
2022-05-11 01:47:31.705  INFO 23724 --- [Test worker] o.hibernate.jpa.internal.util.LogHelper  : HHH000204: Processing PersistenceUnitInfo [name: default]
2022-05-11 01:47:31.859  INFO 23724 --- [Test worker] org.hibernate.Version                    : HHH000412: Hibernate ORM core version 5.6.7.Final
2022-05-11 01:47:32.324  INFO 23724 --- [Test worker] o.hibernate.annotations.common.Version   : HCANN000001: Hibernate Commons Annotations {5.1.2.Final}
2022-05-11 01:47:32.653  INFO 23724 --- [Test worker] com.zaxxer.hikari.HikariDataSource       : HikariPool-1 - Starting...
2022-05-11 01:47:35.481  INFO 23724 --- [Test worker] com.zaxxer.hikari.HikariDataSource       : HikariPool-1 - Start completed.
2022-05-11 01:47:35.571  INFO 23724 --- [Test worker] org.hibernate.dialect.Dialect            : HHH000400: Using dialect: org.hibernate.dialect.PostgreSQL10Dialect
2022-05-11 01:47:36.938  WARN 23724 --- [Test worker] org.hibernate.cfg.AnnotationBinder       : HHH000457: Joined inheritance hierarchy [com.cg.entities.Person] defined explicit @DiscriminatorColumn.  Legacy Hibernate behavior was to ignore the @DiscriminatorColumn.  However, as part of issue HHH-6911 we now apply the explicit @DiscriminatorColumn.  If you would prefer the legacy behavior, enable the `hibernate.discriminator.ignore_explicit_for_joined` setting (hibernate.discriminator.ignore_explicit_for_joined=true)
2022-05-11 01:47:39.948  INFO 23724 --- [Test worker] o.h.e.t.j.p.i.JtaPlatformInitiator       : HHH000490: Using JtaPlatform implementation: [org.hibernate.engine.transaction.jta.platform.internal.NoJtaPlatform]
2022-05-11 01:47:39.964  INFO 23724 --- [Test worker] j.LocalContainerEntityManagerFactoryBean : Initialized JPA EntityManagerFactory for persistence unit 'default'
2022-05-11 01:47:41.784  WARN 23724 --- [Test worker] JpaBaseConfiguration$JpaWebConfiguration : spring.jpa.open-in-view is enabled by default. Therefore, database queries may be performed during view rendering. Explicitly configure spring.jpa.open-in-view to disable this warning
2022-05-11 01:47:46.002  INFO 23724 --- [Test worker] o.s.s.web.DefaultSecurityFilterChain     : Will not secure any request
2022-05-11 01:47:46.169  INFO 23724 --- [Test worker] com.cg.PmsApplicationTests               : Started PmsApplicationTests in 22.61 seconds (JVM running for 26.147)
2022-05-11 01:47:47.734  INFO 23724 --- [Test worker] .b.t.c.SpringBootTestContextBootstrapper : Neither @ContextConfiguration nor @ContextHierarchy found for test class [com.cg.TestRepositories], using SpringBootContextLoader
2022-05-11 01:47:47.736  INFO 23724 --- [Test worker] o.s.t.c.support.AbstractContextLoader    : Could not detect default resource locations for test class [com.cg.TestRepositories]: no resource found for suffixes {-context.xml, Context.groovy}.
2022-05-11 01:47:47.737  INFO 23724 --- [Test worker] t.c.s.AnnotationConfigContextLoaderUtils : Could not detect default configuration classes for test class [com.cg.TestRepositories]: TestRepositories does not declare any static, non-private, non-final, nested classes annotated with @Configuration.
2022-05-11 01:47:47.742  INFO 23724 --- [Test worker] .b.t.c.SpringBootTestContextBootstrapper : Found @SpringBootConfiguration com.cg.PmsApplication for test class com.cg.TestRepositories
2022-05-11 01:47:47.750  INFO 23724 --- [Test worker] .b.t.c.SpringBootTestContextBootstrapper : Loaded default TestExecutionListener class names from location [META-INF/spring.factories]: [org.springframework.boot.test.autoconfigure.restdocs.RestDocsTestExecutionListener, org.springframework.boot.test.autoconfigure.web.client.MockRestServiceServerResetTestExecutionListener, org.springframework.boot.test.autoconfigure.web.servlet.MockMvcPrintOnlyOnFailureTestExecutionListener, org.springframework.boot.test.autoconfigure.web.servlet.WebDriverTestExecutionListener, org.springframework.boot.test.autoconfigure.webservices.client.MockWebServiceServerTestExecutionListener, org.springframework.boot.test.mock.mockito.MockitoTestExecutionListener, org.springframework.boot.test.mock.mockito.ResetMocksTestExecutionListener, org.springframework.test.context.web.ServletTestExecutionListener, org.springframework.test.context.support.DirtiesContextBeforeModesTestExecutionListener, org.springframework.test.context.event.ApplicationEventsTestExecutionListener, org.springframework.test.context.support.DependencyInjectionTestExecutionListener, org.springframework.test.context.support.DirtiesContextTestExecutionListener, org.springframework.test.context.transaction.TransactionalTestExecutionListener, org.springframework.test.context.jdbc.SqlScriptsTestExecutionListener, org.springframework.test.context.event.EventPublishingTestExecutionListener]
2022-05-11 01:47:47.751  INFO 23724 --- [Test worker] .b.t.c.SpringBootTestContextBootstrapper : Using TestExecutionListeners: [org.springframework.test.context.web.ServletTestExecutionListener@61799152, org.springframework.test.context.support.DirtiesContextBeforeModesTestExecutionListener@5c39da9e, org.springframework.test.context.event.ApplicationEventsTestExecutionListener@e38b953, org.springframework.boot.test.mock.mockito.MockitoTestExecutionListener@4a648b35, org.springframework.boot.test.autoconfigure.SpringBootDependencyInjectionTestExecutionListener@673a702a, org.springframework.test.context.support.DirtiesContextTestExecutionListener@75c5ab79, org.springframework.test.context.transaction.TransactionalTestExecutionListener@3e7c66b3, org.springframework.test.context.jdbc.SqlScriptsTestExecutionListener@502f6f6a, org.springframework.test.context.event.EventPublishingTestExecutionListener@64a0ee65, org.springframework.boot.test.autoconfigure.restdocs.RestDocsTestExecutionListener@3ce60feb, org.springframework.boot.test.autoconfigure.web.client.MockRestServiceServerResetTestExecutionListener@61f2bf3a, org.springframework.boot.test.autoconfigure.web.servlet.MockMvcPrintOnlyOnFailureTestExecutionListener@4a0dd851, org.springframework.boot.test.autoconfigure.web.servlet.WebDriverTestExecutionListener@293dd4b3, org.springframework.boot.test.autoconfigure.webservices.client.MockWebServiceServerTestExecutionListener@25a81f28, org.springframework.boot.test.mock.mockito.ResetMocksTestExecutionListener@51577fc8]
2022-05-11 01:47:47.812  INFO 23724 --- [Test worker] com.cg.TestRepositories                  : Starting TestRepositories using Java 17.0.2 on Rachit with PID 23724 (started by UnnathiLAdhe in C:\Users\Unnati\Documents\workspace-spring-tool-suite-4-4.14.0.RELEASE\PMS)
2022-05-11 01:47:47.813  INFO 23724 --- [Test worker] com.cg.TestRepositories                  : No active profile set, falling back to 1 default profile: "default"
2022-05-11 01:47:48.886  INFO 23724 --- [Test worker] .s.d.r.c.RepositoryConfigurationDelegate : Bootstrapping Spring Data JPA repositories in DEFAULT mode.
2022-05-11 01:47:48.952  INFO 23724 --- [Test worker] .s.d.r.c.RepositoryConfigurationDelegate : Finished Spring Data repository scanning in 63 ms. Found 9 JPA repository interfaces.
2022-05-11 01:47:49.678  INFO 23724 --- [Test worker] o.hibernate.jpa.internal.util.LogHelper  : HHH000204: Processing PersistenceUnitInfo [name: default]
2022-05-11 01:47:49.696  INFO 23724 --- [Test worker] com.zaxxer.hikari.HikariDataSource       : HikariPool-2 - Starting...
2022-05-11 01:47:49.776  INFO 23724 --- [Test worker] com.zaxxer.hikari.HikariDataSource       : HikariPool-2 - Start completed.
2022-05-11 01:47:49.777  INFO 23724 --- [Test worker] org.hibernate.dialect.Dialect            : HHH000400: Using dialect: org.hibernate.dialect.PostgreSQL10Dialect
2022-05-11 01:47:49.785  WARN 23724 --- [Test worker] org.hibernate.cfg.AnnotationBinder       : HHH000457: Joined inheritance hierarchy [com.cg.entities.Person] defined explicit @DiscriminatorColumn.  Legacy Hibernate behavior was to ignore the @DiscriminatorColumn.  However, as part of issue HHH-6911 we now apply the explicit @DiscriminatorColumn.  If you would prefer the legacy behavior, enable the `hibernate.discriminator.ignore_explicit_for_joined` setting (hibernate.discriminator.ignore_explicit_for_joined=true)
2022-05-11 01:47:50.646  INFO 23724 --- [Test worker] o.h.e.t.j.p.i.JtaPlatformInitiator       : HHH000490: Using JtaPlatform implementation: [org.hibernate.engine.transaction.jta.platform.internal.NoJtaPlatform]
2022-05-11 01:47:50.648  INFO 23724 --- [Test worker] j.LocalContainerEntityManagerFactoryBean : Initialized JPA EntityManagerFactory for persistence unit 'default'
2022-05-11 01:47:51.529  WARN 23724 --- [Test worker] JpaBaseConfiguration$JpaWebConfiguration : spring.jpa.open-in-view is enabled by default. Therefore, database queries may be performed during view rendering. Explicitly configure spring.jpa.open-in-view to disable this warning
2022-05-11 01:47:53.936  INFO 23724 --- [Test worker] o.s.s.web.DefaultSecurityFilterChain     : Will not secure any request
2022-05-11 01:47:54.056  INFO 23724 --- [Test worker] com.cg.TestRepositories                  : Started TestRepositories in 6.301 seconds (JVM running for 34.035)
2022-05-11 01:47:54.601  INFO 23724 --- [Test worker] .b.t.c.SpringBootTestContextBootstrapper : Neither @ContextConfiguration nor @ContextHierarchy found for test class [com.cg.TestTransactions], using SpringBootContextLoader
2022-05-11 01:47:54.604  INFO 23724 --- [Test worker] o.s.t.c.support.AbstractContextLoader    : Could not detect default resource locations for test class [com.cg.TestTransactions]: no resource found for suffixes {-context.xml, Context.groovy}.
2022-05-11 01:47:54.607  INFO 23724 --- [Test worker] t.c.s.AnnotationConfigContextLoaderUtils : Could not detect default configuration classes for test class [com.cg.TestTransactions]: TestTransactions does not declare any static, non-private, non-final, nested classes annotated with @Configuration.
2022-05-11 01:47:54.609  INFO 23724 --- [Test worker] .b.t.c.SpringBootTestContextBootstrapper : Found @SpringBootConfiguration com.cg.PmsApplication for test class com.cg.TestTransactions
2022-05-11 01:47:54.613  INFO 23724 --- [Test worker] .b.t.c.SpringBootTestContextBootstrapper : Loaded default TestExecutionListener class names from location [META-INF/spring.factories]: [org.springframework.boot.test.autoconfigure.restdocs.RestDocsTestExecutionListener, org.springframework.boot.test.autoconfigure.web.client.MockRestServiceServerResetTestExecutionListener, org.springframework.boot.test.autoconfigure.web.servlet.MockMvcPrintOnlyOnFailureTestExecutionListener, org.springframework.boot.test.autoconfigure.web.servlet.WebDriverTestExecutionListener, org.springframework.boot.test.autoconfigure.webservices.client.MockWebServiceServerTestExecutionListener, org.springframework.boot.test.mock.mockito.MockitoTestExecutionListener, org.springframework.boot.test.mock.mockito.ResetMocksTestExecutionListener, org.springframework.test.context.web.ServletTestExecutionListener, org.springframework.test.context.support.DirtiesContextBeforeModesTestExecutionListener, org.springframework.test.context.event.ApplicationEventsTestExecutionListener, org.springframework.test.context.support.DependencyInjectionTestExecutionListener, org.springframework.test.context.support.DirtiesContextTestExecutionListener, org.springframework.test.context.transaction.TransactionalTestExecutionListener, org.springframework.test.context.jdbc.SqlScriptsTestExecutionListener, org.springframework.test.context.event.EventPublishingTestExecutionListener]
2022-05-11 01:47:54.614  INFO 23724 --- [Test worker] .b.t.c.SpringBootTestContextBootstrapper : Using TestExecutionListeners: [org.springframework.test.context.web.ServletTestExecutionListener@1766b7, org.springframework.test.context.support.DirtiesContextBeforeModesTestExecutionListener@56f3f9da, org.springframework.test.context.event.ApplicationEventsTestExecutionListener@56587330, org.springframework.boot.test.mock.mockito.MockitoTestExecutionListener@227cba85, org.springframework.boot.test.autoconfigure.SpringBootDependencyInjectionTestExecutionListener@19e552a3, org.springframework.test.context.support.DirtiesContextTestExecutionListener@5091456c, org.springframework.test.context.transaction.TransactionalTestExecutionListener@45c57dbd, org.springframework.test.context.jdbc.SqlScriptsTestExecutionListener@22a5f12, org.springframework.test.context.event.EventPublishingTestExecutionListener@316975be, org.springframework.boot.test.autoconfigure.restdocs.RestDocsTestExecutionListener@6b09fcda, org.springframework.boot.test.autoconfigure.web.client.MockRestServiceServerResetTestExecutionListener@5cf4c93, org.springframework.boot.test.autoconfigure.web.servlet.MockMvcPrintOnlyOnFailureTestExecutionListener@55cd41f7, org.springframework.boot.test.autoconfigure.web.servlet.WebDriverTestExecutionListener@2ff30a75, org.springframework.boot.test.autoconfigure.webservices.client.MockWebServiceServerTestExecutionListener@b38dc7d, org.springframework.boot.test.mock.mockito.ResetMocksTestExecutionListener@746cb25d]
2022-05-11 01:47:54.814  INFO 23724 --- [SpringApplicationShutdownHook] j.LocalContainerEntityManagerFactoryBean : Closing JPA EntityManagerFactory for persistence unit 'default'
2022-05-11 01:47:54.822  INFO 23724 --- [SpringApplicationShutdownHook] com.zaxxer.hikari.HikariDataSource       : HikariPool-1 - Shutdown initiated...
2022-05-11 01:47:54.849  INFO 23724 --- [SpringApplicationShutdownHook] com.zaxxer.hikari.HikariDataSource       : HikariPool-1 - Shutdown completed.
2022-05-11 01:47:54.858  INFO 23724 --- [SpringApplicationShutdownHook] j.LocalContainerEntityManagerFactoryBean : Closing JPA EntityManagerFactory for persistence unit 'default'
2022-05-11 01:47:54.860  INFO 23724 --- [SpringApplicationShutdownHook] com.zaxxer.hikari.HikariDataSource       : HikariPool-2 - Shutdown initiated...
2022-05-11 01:47:54.908  INFO 23724 --- [SpringApplicationShutdownHook] com.zaxxer.hikari.HikariDataSource       : HikariPool-2 - Shutdown completed.
